<?xml version="1.0" encoding="UTF-8"?>
<!-- Generated by org.testng.reporters.JUnitReportReporter -->
<testsuite hostname="bogon" name="testDemo.Script.testDemo" tests="1" failures="0" timestamp="15 Dec 2016 08:59:48 GMT" time="0.008" errors="0">
  <testcase name="testHello" time="0.008" classname="testDemo.Script.testDemo"/>
</testsuite> <!-- testDemo.Script.testDemo -->
