<?xml version="1.0" encoding="UTF-8"?>
<!-- Generated by org.testng.reporters.JUnitReportReporter -->
<testsuite hostname="bogon" name="testDemo.Script.testDemo" tests="1" failures="0" timestamp="15 Dec 2016 09:21:04 GMT" time="0.006" errors="0">
  <testcase name="testHello" time="0.006" classname="testDemo.Script.testDemo"/>
</testsuite> <!-- testDemo.Script.testDemo -->
