<?xml version="1.0" encoding="UTF-8"?>
<!-- Generated by org.testng.reporters.JUnitReportReporter -->
<testsuite hostname="bogon" name="testDemo.Script.testDemo" tests="1" failures="0" timestamp="18 Aug 2016 07:58:01 GMT" time="0.018" errors="0">
  <testcase name="testHello" time="0.018" classname="testDemo.Script.testDemo"/>
</testsuite> <!-- testDemo.Script.testDemo -->
