<?xml version="1.0" encoding="UTF-8"?>
<!-- Generated by org.testng.reporters.JUnitReportReporter -->
<testsuite hostname="bogon" name="testDemo.Script.testDemo" tests="1" failures="0" timestamp="12 Aug 2016 03:11:29 GMT" time="0.009" errors="0">
  <testcase name="testHello" time="0.009" classname="testDemo.Script.testDemo"/>
</testsuite> <!-- testDemo.Script.testDemo -->
