<?xml version="1.0" encoding="UTF-8"?>
<!-- Generated by org.testng.reporters.JUnitReportReporter -->
<testsuite hostname="MacBook-Pro.lan" name="testDemo.Script.testDemo" tests="1" failures="0" timestamp="17 Aug 2016 14:53:09 GMT" time="0.011" errors="0">
  <testcase name="testHello" time="0.011" classname="testDemo.Script.testDemo"/>
</testsuite> <!-- testDemo.Script.testDemo -->
